33177 [main] INFO  p.screens.login.SignUpScreen - Input repeat password: qateam@123Testing
40408 [main] INFO  p.screens.alert.SignUpAlertScreen - Page is loaded. Element found: AppiumBy.className: XCUIElementTypeAlert
40825 [main] INFO  p.screens.alert.SignUpAlertScreen - Page is loaded. Element found: AppiumBy.iOSNsPredicate: name == "Signed Up!" AND label == "Signed Up!" AND value == "Signed Up!"
45415 [main] INFO  p.screens.login.SignUpScreen - Page is loaded. Element found: AppiumBy.accessibilityId: Login-screen
45888 [main] INFO  p.screens.login.SignUpScreen - Page is loaded. Element found: AppiumBy.accessibilityId: button-SIGN UP
50304 [main] INFO  p.screens.login.SignUpScreen - Input repeat password: 123
55650 [main] INFO  p.screens.login.SignUpScreen - Page is loaded. Element found: AppiumBy.accessibilityId: Login-screen
56088 [main] INFO  p.screens.login.SignUpScreen - Page is loaded. Element found: AppiumBy.accessibilityId: button-SIGN UP
60683 [main] INFO  p.screens.login.SignUpScreen - Input repeat password: 123456789
504  [main] DEBUG org.testng.TestNG - suiteXmlPath: "/Users/tham/Library/Caches/JetBrains/IdeaIC2023.3/temp-testng-customsuite.xml"
934  [main] TRACE org.testng.internal.Graph - [Graph] ADDING NODE BaseTest.beforeTest()[pri:0, instance:null] -1555007184
935  [main] TRACE org.testng.internal.Graph - [Graph] ================ SORTING
941  [main] TRACE org.testng.internal.Graph - [Graph] =============== DONE SORTING
942  [main] TRACE org.testng.internal.Graph - [Graph] ====== SORTED NODES
942  [main] TRACE org.testng.internal.Graph - [Graph] ====== END SORTED NODES
945  [main] TRACE org.testng.internal.Graph - [Graph] ADDING NODE BaseTest.afterSuite()[pri:0, instance:null] -419499013
945  [main] TRACE org.testng.internal.Graph - [Graph] ================ SORTING
946  [main] TRACE org.testng.internal.Graph - [Graph] =============== DONE SORTING
947  [main] TRACE org.testng.internal.Graph - [Graph] ====== SORTED NODES
947  [main] TRACE org.testng.internal.Graph - [Graph] ====== END SORTED NODES
952  [main] TRACE org.testng.internal.Graph - [Graph] ADDING NODE SignUpTest.beforeClass()[pri:0, instance:null] 1785117170
952  [main] TRACE org.testng.internal.Graph - [Graph] ================ SORTING
953  [main] TRACE org.testng.internal.Graph - [Graph] =============== DONE SORTING
953  [main] TRACE org.testng.internal.Graph - [Graph] ====== SORTED NODES
953  [main] TRACE org.testng.internal.Graph - [Graph] ====== END SORTED NODES
954  [main] TRACE org.testng.internal.Graph - [Graph] ADDING NODE BaseTest.afterClass()[pri:0, instance:null] -405232261
955  [main] TRACE org.testng.internal.Graph - [Graph] ================ SORTING
955  [main] TRACE org.testng.internal.Graph - [Graph] =============== DONE SORTING
955  [main] TRACE org.testng.internal.Graph - [Graph] ====== SORTED NODES
956  [main] TRACE org.testng.internal.Graph - [Graph] ====== END SORTED NODES
961  [main] TRACE org.testng.internal.Graph - [Graph] ADDING NODE SignUpTest.beforeMethod()[pri:0, instance:null] 775473609
961  [main] TRACE org.testng.internal.Graph - [Graph] ================ SORTING
961  [main] TRACE org.testng.internal.Graph - [Graph] =============== DONE SORTING
961  [main] TRACE org.testng.internal.Graph - [Graph] ====== SORTED NODES
961  [main] TRACE org.testng.internal.Graph - [Graph] ====== END SORTED NODES
962  [main] TRACE org.testng.internal.Graph - [Graph] ADDING NODE SignUpTest.afterMethod()[pri:0, instance:null] -717421226
963  [main] TRACE org.testng.internal.Graph - [Graph] ================ SORTING
963  [main] TRACE org.testng.internal.Graph - [Graph] =============== DONE SORTING
963  [main] TRACE org.testng.internal.Graph - [Graph] ====== SORTED NODES
963  [main] TRACE org.testng.internal.Graph - [Graph] ====== END SORTED NODES
969  [main] TRACE org.testng.internal.Graph - [Graph] ADDING NODE BaseTest.beforeTest()[pri:0, instance:testCases.authen.SignUpTest@56c4278e] 495113310
970  [main] TRACE org.testng.internal.Graph - [Graph] ================ SORTING
970  [main] TRACE org.testng.internal.Graph - [Graph] =============== DONE SORTING
970  [main] TRACE org.testng.internal.Graph - [Graph] ====== SORTED NODES
970  [main] TRACE org.testng.internal.Graph - [Graph] ====== END SORTED NODES
972  [main] TRACE org.testng.internal.Graph - [Graph] ADDING NODE SignUpTest.signUpWithCorrectCredentials(entity.authen.SignUpCred)[pri:0, instance:testCases.authen.SignUpTest@56c4278e] 681575541
973  [main] TRACE org.testng.internal.Graph - [Graph] ADDING NODE SignUpTest.signUpWithInvalidRepeatPassWord(entity.authen.SignUpCred)[pri:0, instance:testCases.authen.SignUpTest@56c4278e] 1036601546
974  [main] TRACE org.testng.internal.Graph - [Graph] ADDING NODE SignUpTest.signUpWithInvalidUser(entity.authen.SignUpCred)[pri:0, instance:testCases.authen.SignUpTest@56c4278e] -1853758591
974  [main] TRACE org.testng.internal.Graph - [Graph] ================ SORTING
980  [main] TRACE org.testng.internal.Graph - [Graph] =============== DONE SORTING
980  [main] TRACE org.testng.internal.Graph - [Graph] ====== SORTED NODES
980  [main] TRACE org.testng.internal.Graph - [Graph] ====== END SORTED NODES
983  [main] TRACE org.testng.internal.Graph - [Graph] ADDING NODE BaseTest.afterSuite()[pri:0, instance:testCases.authen.SignUpTest@56c4278e] 1336128243
983  [main] TRACE org.testng.internal.Graph - [Graph] ================ SORTING
983  [main] TRACE org.testng.internal.Graph - [Graph] =============== DONE SORTING
984  [main] TRACE org.testng.internal.Graph - [Graph] ====== SORTED NODES
984  [main] TRACE org.testng.internal.Graph - [Graph] ====== END SORTED NODES
989  [main] INFO  org.testng.internal.Utils - [TestNG] Running:
  /Users/tham/Library/Caches/JetBrains/IdeaIC2023.3/temp-testng-customsuite.xml

